dialign-tx: bb3_release/RV12/BBS12011.tfa
dialign-tx: bb3_release/RV12/BB12028.tfa
dialign-tx: bb3_release/RV12/BB12034.tfa
dialign-tx: bb3_release/RV12/BBS12024.tfa
dialign-tx: bb3_release/RV12/BBS12037.tfa
dialign-tx: bb3_release/RV12/BB12044.tfa
done: bb3_release/RV12/BB12034.tfa
dialign-tx: bb3_release/RV12/BBS12044.tfa
done: bb3_release/RV12/BBS12024.tfa
dialign-tx: bb3_release/RV12/BB12040.tfa
done: bb3_release/RV12/BB12040.tfa
dialign-tx: bb3_release/RV12/BBS12032.tfa
done: bb3_release/RV12/BB12028.tfa
dialign-tx: bb3_release/RV12/BBS12012.tfa
done: bb3_release/RV12/BBS12012.tfa
dialign-tx: bb3_release/RV12/BBS12006.tfa
done: bb3_release/RV12/BBS12032.tfa
dialign-tx: bb3_release/RV12/BB12024.tfa
done: bb3_release/RV12/BBS12006.tfa
dialign-tx: bb3_release/RV12/BB12003.tfa
done: bb3_release/RV12/BB12024.tfa
dialign-tx: bb3_release/RV12/BB12021.tfa
done: bb3_release/RV12/BB12003.tfa
dialign-tx: bb3_release/RV12/BB12007.tfa
done: bb3_release/RV12/BB12044.tfa
dialign-tx: bb3_release/RV12/BB12043.tfa
done: bb3_release/RV12/BB12021.tfa
dialign-tx: bb3_release/RV12/BB12002.tfa
done: bb3_release/RV12/BBS12044.tfa
dialign-tx: bb3_release/RV12/BBS12015.tfa
done: bb3_release/RV12/BBS12037.tfa
dialign-tx: bb3_release/RV12/BB12037.tfa
done: bb3_release/RV12/BBS12011.tfa
dialign-tx: bb3_release/RV12/BB12041.tfa
done: bb3_release/RV12/BB12002.tfa
dialign-tx: bb3_release/RV12/BBS12018.tfa
done: bb3_release/RV12/BB12041.tfa
dialign-tx: bb3_release/RV12/BBS12023.tfa
done: bb3_release/RV12/BBS12018.tfa
dialign-tx: bb3_release/RV12/BBS12033.tfa
done: bb3_release/RV12/BBS12015.tfa
dialign-tx: bb3_release/RV12/BB12036.tfa
done: bb3_release/RV12/BBS12033.tfa
dialign-tx: bb3_release/RV12/BB12017.tfa
done: bb3_release/RV12/BBS12023.tfa
dialign-tx: bb3_release/RV12/BB12009.tfa
done: bb3_release/RV12/BB12007.tfa
dialign-tx: bb3_release/RV12/BB12008.tfa
done: bb3_release/RV12/BB12036.tfa
dialign-tx: bb3_release/RV12/BB12031.tfa
done: bb3_release/RV12/BB12009.tfa
dialign-tx: bb3_release/RV12/BBS12035.tfa
done: bb3_release/RV12/BB12017.tfa
dialign-tx: bb3_release/RV12/BBS12028.tfa
done: bb3_release/RV12/BBS12028.tfa
dialign-tx: bb3_release/RV12/BB12012.tfa
done: bb3_release/RV12/BB12012.tfa
dialign-tx: bb3_release/RV12/BBS12005.tfa
done: bb3_release/RV12/BB12037.tfa
dialign-tx: bb3_release/RV12/BB12035.tfa
done: bb3_release/RV12/BBS12005.tfa
dialign-tx: bb3_release/RV12/BBS12026.tfa
done: bb3_release/RV12/BB12008.tfa
dialign-tx: bb3_release/RV12/BB12029.tfa
done: bb3_release/RV12/BB12031.tfa
dialign-tx: bb3_release/RV12/BBS12022.tfa
done: bb3_release/RV12/BBS12022.tfa
dialign-tx: bb3_release/RV12/BB12016.tfa
done: bb3_release/RV12/BB12016.tfa
dialign-tx: bb3_release/RV12/BB12033.tfa
done: bb3_release/RV12/BB12033.tfa
dialign-tx: bb3_release/RV12/BBS12020.tfa
done: bb3_release/RV12/BBS12020.tfa
dialign-tx: bb3_release/RV12/BB12004.tfa
done: bb3_release/RV12/BB12029.tfa
dialign-tx: bb3_release/RV12/BBS12034.tfa
done: bb3_release/RV12/BBS12034.tfa
dialign-tx: bb3_release/RV12/BB12023.tfa
done: bb3_release/RV12/BBS12026.tfa
dialign-tx: bb3_release/RV12/BBS12041.tfa
done: bb3_release/RV12/BB12023.tfa
dialign-tx: bb3_release/RV12/BB12019.tfa
done: bb3_release/RV12/BBS12041.tfa
dialign-tx: bb3_release/RV12/BB12011.tfa
done: bb3_release/RV12/BBS12035.tfa
dialign-tx: bb3_release/RV12/BBS12030.tfa
done: bb3_release/RV12/BB12019.tfa
dialign-tx: bb3_release/RV12/BBS12003.tfa
done: bb3_release/RV12/BBS12030.tfa
dialign-tx: bb3_release/RV12/BB12014.tfa
done: bb3_release/RV12/BB12004.tfa
dialign-tx: bb3_release/RV12/BBS12038.tfa
done: bb3_release/RV12/BBS12003.tfa
dialign-tx: bb3_release/RV12/BB12039.tfa
done: bb3_release/RV12/BB12014.tfa
dialign-tx: bb3_release/RV12/BB12032.tfa
done: bb3_release/RV12/BB12032.tfa
dialign-tx: bb3_release/RV12/BBS12039.tfa
done: bb3_release/RV12/BBS12038.tfa
dialign-tx: bb3_release/RV12/BB12005.tfa
done: bb3_release/RV12/BB12039.tfa
dialign-tx: bb3_release/RV12/BB12030.tfa
done: bb3_release/RV12/BB12035.tfa
dialign-tx: bb3_release/RV12/BBS12002.tfa
done: bb3_release/RV12/BBS12002.tfa
dialign-tx: bb3_release/RV12/BB12025.tfa
done: bb3_release/RV12/BBS12039.tfa
dialign-tx: bb3_release/RV12/BB12038.tfa
done: bb3_release/RV12/BB12025.tfa
dialign-tx: bb3_release/RV12/BBS12029.tfa
done: bb3_release/RV12/BB12005.tfa
dialign-tx: bb3_release/RV12/BBS12027.tfa
done: bb3_release/RV12/BB12030.tfa
dialign-tx: bb3_release/RV12/BB12042.tfa
done: bb3_release/RV12/BB12042.tfa
dialign-tx: bb3_release/RV12/BB12006.tfa
done: bb3_release/RV12/BB12006.tfa
dialign-tx: bb3_release/RV12/BBS12014.tfa
done: bb3_release/RV12/BB12043.tfa
dialign-tx: bb3_release/RV12/BBS12010.tfa
done: bb3_release/RV12/BB12038.tfa
dialign-tx: bb3_release/RV12/BBS12017.tfa
done: bb3_release/RV12/BBS12014.tfa
dialign-tx: bb3_release/RV12/BBS12008.tfa
done: bb3_release/RV12/BBS12010.tfa
dialign-tx: bb3_release/RV12/BBS12013.tfa
done: bb3_release/RV12/BBS12029.tfa
dialign-tx: bb3_release/RV12/BBS12036.tfa
done: bb3_release/RV12/BBS12027.tfa
dialign-tx: bb3_release/RV12/BBS12016.tfa
done: bb3_release/RV12/BB12011.tfa
dialign-tx: bb3_release/RV12/BBS12043.tfa
done: bb3_release/RV12/BBS12016.tfa
dialign-tx: bb3_release/RV12/BBS12040.tfa
done: bb3_release/RV12/BBS12017.tfa
dialign-tx: bb3_release/RV12/BBS12031.tfa
done: bb3_release/RV12/BBS12036.tfa
dialign-tx: bb3_release/RV12/BB12010.tfa
done: bb3_release/RV12/BBS12040.tfa
dialign-tx: bb3_release/RV12/BBS12001.tfa
done: bb3_release/RV12/BB12010.tfa
dialign-tx: bb3_release/RV12/BBS12042.tfa
done: bb3_release/RV12/BBS12013.tfa
dialign-tx: bb3_release/RV12/BBS12009.tfa
done: bb3_release/RV12/BBS12009.tfa
dialign-tx: bb3_release/RV12/BB12026.tfa
done: bb3_release/RV12/BBS12042.tfa
dialign-tx: bb3_release/RV12/BBS12004.tfa
done: bb3_release/RV12/BBS12008.tfa
dialign-tx: bb3_release/RV12/BB12001.tfa
done: bb3_release/RV12/BBS12001.tfa
dialign-tx: bb3_release/RV12/BB12020.tfa
done: bb3_release/RV12/BB12020.tfa
dialign-tx: bb3_release/RV12/BB12013.tfa
done: bb3_release/RV12/BBS12031.tfa
dialign-tx: bb3_release/RV12/BBS12021.tfa
done: bb3_release/RV12/BB12026.tfa
dialign-tx: bb3_release/RV12/BBS12007.tfa
done: bb3_release/RV12/BBS12004.tfa
dialign-tx: bb3_release/RV12/BB12018.tfa
done: bb3_release/RV12/BB12001.tfa
dialign-tx: bb3_release/RV12/BB12022.tfa
done: bb3_release/RV12/BBS12021.tfa
dialign-tx: bb3_release/RV12/BB12015.tfa
done: bb3_release/RV12/BB12022.tfa
dialign-tx: bb3_release/RV12/BBS12019.tfa
done: bb3_release/RV12/BB12013.tfa
dialign-tx: bb3_release/RV12/BB12027.tfa
done: bb3_release/RV12/BB12018.tfa
dialign-tx: bb3_release/RV12/BBS12025.tfa
done: bb3_release/RV12/BBS12025.tfa
dialign-tx: bb3_release/RV50/BB50006.tfa
done: bb3_release/RV12/BBS12019.tfa
dialign-tx: bb3_release/RV50/BBS50001.tfa
done: bb3_release/RV12/BB12015.tfa
dialign-tx: bb3_release/RV50/BB50004.tfa
done: bb3_release/RV12/BBS12007.tfa
dialign-tx: bb3_release/RV50/BBS50003.tfa
done: bb3_release/RV12/BB12027.tfa
dialign-tx: bb3_release/RV50/BB50001.tfa
done: bb3_release/RV50/BB50004.tfa
dialign-tx: bb3_release/RV50/BB50007.tfa
done: bb3_release/RV12/BBS12043.tfa
dialign-tx: bb3_release/RV50/BBS50013.tfa
done: bb3_release/RV50/BB50007.tfa
dialign-tx: bb3_release/RV50/BBS50008.tfa
done: bb3_release/RV50/BBS50013.tfa
dialign-tx: bb3_release/RV50/BBS50010.tfa
done: bb3_release/RV50/BBS50010.tfa
dialign-tx: bb3_release/RV50/BB50016.tfa
done: bb3_release/RV50/BBS50008.tfa
dialign-tx: bb3_release/RV50/BBS50007.tfa
done: bb3_release/RV50/BB50016.tfa
dialign-tx: bb3_release/RV50/BB50013.tfa
done: bb3_release/RV50/BBS50003.tfa
dialign-tx: bb3_release/RV50/BBS50005.tfa
done: bb3_release/RV50/BBS50007.tfa
dialign-tx: bb3_release/RV50/BBS50016.tfa
done: bb3_release/RV50/BBS50001.tfa
dialign-tx: bb3_release/RV50/BBS50009.tfa
done: bb3_release/RV50/BBS50005.tfa
dialign-tx: bb3_release/RV50/BB50012.tfa
done: bb3_release/RV50/BB50013.tfa
dialign-tx: bb3_release/RV50/BB50014.tfa
done: bb3_release/RV50/BBS50016.tfa
dialign-tx: bb3_release/RV50/BB50005.tfa
done: bb3_release/RV50/BB50001.tfa
dialign-tx: bb3_release/RV50/BB50002.tfa
done: bb3_release/RV50/BB50005.tfa
dialign-tx: bb3_release/RV50/BB50011.tfa
done: bb3_release/RV50/BB50002.tfa
dialign-tx: bb3_release/RV50/BB50015.tfa
done: bb3_release/RV50/BBS50009.tfa
dialign-tx: bb3_release/RV50/BBS50012.tfa
done: bb3_release/RV50/BB50011.tfa
dialign-tx: bb3_release/RV50/BB50008.tfa
done: bb3_release/RV50/BB50014.tfa
dialign-tx: bb3_release/RV50/BBS50015.tfa
done: bb3_release/RV50/BB50015.tfa
dialign-tx: bb3_release/RV50/BBS50006.tfa
done: bb3_release/RV50/BB50008.tfa
dialign-tx: bb3_release/RV50/BBS50002.tfa
done: bb3_release/RV50/BBS50002.tfa
dialign-tx: bb3_release/RV50/BB50010.tfa
done: bb3_release/RV50/BBS50015.tfa
dialign-tx: bb3_release/RV50/BBS50011.tfa
done: bb3_release/RV50/BB50010.tfa
dialign-tx: bb3_release/RV50/BB50009.tfa
done: bb3_release/RV50/BBS50012.tfa
dialign-tx: bb3_release/RV50/BBS50014.tfa
done: bb3_release/RV50/BB50009.tfa
dialign-tx: bb3_release/RV50/BB50003.tfa
done: bb3_release/RV50/BB50006.tfa
dialign-tx: bb3_release/RV40/BB40005.tfa
done: bb3_release/RV40/BB40005.tfa
dialign-tx: bb3_release/RV40/BB40032.tfa
done: bb3_release/RV40/BB40032.tfa
dialign-tx: bb3_release/RV40/BB40001.tfa
done: bb3_release/RV50/BBS50011.tfa
dialign-tx: bb3_release/RV40/BB40014.tfa
done: bb3_release/RV40/BB40014.tfa
dialign-tx: bb3_release/RV40/BB40020.tfa
done: bb3_release/RV50/BBS50014.tfa
dialign-tx: bb3_release/RV40/BB40030.tfa
done: bb3_release/RV40/BB40001.tfa
dialign-tx: bb3_release/RV40/BB40009.tfa
done: bb3_release/RV50/BB50012.tfa
dialign-tx: bb3_release/RV40/BB40025.tfa
done: bb3_release/RV40/BB40025.tfa
dialign-tx: bb3_release/RV40/BB40033.tfa
done: bb3_release/RV40/BB40020.tfa
dialign-tx: bb3_release/RV40/BB40028.tfa
done: bb3_release/RV40/BB40009.tfa
dialign-tx: bb3_release/RV40/BB40015.tfa
done: bb3_release/RV40/BB40033.tfa
dialign-tx: bb3_release/RV40/BB40048.tfa
done: bb3_release/RV40/BB40030.tfa
dialign-tx: bb3_release/RV40/BB40006.tfa
done: bb3_release/RV40/BB40006.tfa
dialign-tx: bb3_release/RV40/BB40044.tfa
done: bb3_release/RV40/BB40028.tfa
dialign-tx: bb3_release/RV40/BB40043.tfa
done: bb3_release/RV50/BB50003.tfa
dialign-tx: bb3_release/RV40/BB40017.tfa
done: bb3_release/RV40/BB40043.tfa
dialign-tx: bb3_release/RV40/BB40008.tfa
done: bb3_release/RV50/BBS50006.tfa
dialign-tx: bb3_release/RV40/BB40049.tfa
done: bb3_release/RV40/BB40048.tfa
dialign-tx: bb3_release/RV40/BB40003.tfa
done: bb3_release/RV40/BB40008.tfa
dialign-tx: bb3_release/RV40/BB40035.tfa
done: bb3_release/RV40/BB40003.tfa
dialign-tx: bb3_release/RV40/BB40004.tfa
done: bb3_release/RV40/BB40044.tfa
dialign-tx: bb3_release/RV40/BB40019.tfa
done: bb3_release/RV40/BB40015.tfa
dialign-tx: bb3_release/RV40/BB40037.tfa
done: bb3_release/RV40/BB40019.tfa
dialign-tx: bb3_release/RV40/BB40021.tfa
done: bb3_release/RV40/BB40017.tfa
dialign-tx: bb3_release/RV40/BB40036.tfa
done: bb3_release/RV40/BB40035.tfa
dialign-tx: bb3_release/RV40/BB40023.tfa
done: bb3_release/RV40/BB40021.tfa
dialign-tx: bb3_release/RV40/BB40039.tfa
done: bb3_release/RV40/BB40036.tfa
dialign-tx: bb3_release/RV40/BB40011.tfa
done: bb3_release/RV40/BB40023.tfa
dialign-tx: bb3_release/RV40/BB40022.tfa
done: bb3_release/RV40/BB40022.tfa
dialign-tx: bb3_release/RV40/BB40029.tfa
done: bb3_release/RV40/BB40029.tfa
dialign-tx: bb3_release/RV40/BB40034.tfa
done: bb3_release/RV40/BB40037.tfa
dialign-tx: bb3_release/RV40/BB40040.tfa
done: bb3_release/RV40/BB40040.tfa
dialign-tx: bb3_release/RV40/BB40046.tfa
done: bb3_release/RV40/BB40011.tfa
dialign-tx: bb3_release/RV40/BB40041.tfa
done: bb3_release/RV40/BB40034.tfa
dialign-tx: bb3_release/RV40/BB40026.tfa
done: bb3_release/RV40/BB40039.tfa
dialign-tx: bb3_release/RV40/BB40016.tfa
done: bb3_release/RV40/BB40046.tfa
dialign-tx: bb3_release/RV40/BB40047.tfa
done: bb3_release/RV40/BB40016.tfa
dialign-tx: bb3_release/RV40/BB40038.tfa
done: bb3_release/RV40/BB40038.tfa
dialign-tx: bb3_release/RV40/BB40042.tfa
done: bb3_release/RV40/BB40026.tfa
dialign-tx: bb3_release/RV40/BB40031.tfa
done: bb3_release/RV40/BB40041.tfa
dialign-tx: bb3_release/RV40/BB40045.tfa
done: bb3_release/RV40/BB40045.tfa
dialign-tx: bb3_release/RV40/BB40013.tfa
done: bb3_release/RV40/BB40042.tfa
dialign-tx: bb3_release/RV40/BB40010.tfa
done: bb3_release/RV40/BB40010.tfa
dialign-tx: bb3_release/RV40/BB40002.tfa
done: bb3_release/RV40/BB40013.tfa
dialign-tx: bb3_release/RV40/BB40012.tfa
done: bb3_release/RV40/BB40031.tfa
dialign-tx: bb3_release/RV40/BB40024.tfa
done: bb3_release/RV40/BB40012.tfa
dialign-tx: bb3_release/RV40/BB40018.tfa
done: bb3_release/RV40/BB40018.tfa
dialign-tx: bb3_release/RV40/BB40027.tfa
done: bb3_release/RV40/BB40004.tfa
dialign-tx: bb3_release/RV40/BB40007.tfa
done: bb3_release/RV40/BB40007.tfa
dialign-tx: bb3_release/RV30/BB30006.tfa
done: bb3_release/RV40/BB40024.tfa
dialign-tx: bb3_release/RV30/BBS30028.tfa
done: bb3_release/RV30/BB30006.tfa
dialign-tx: bb3_release/RV30/BB30029.tfa
done: bb3_release/RV40/BB40047.tfa
dialign-tx: bb3_release/RV30/BBS30014.tfa
done: bb3_release/RV40/BB40027.tfa
dialign-tx: bb3_release/RV30/BB30011.tfa
done: bb3_release/RV30/BBS30014.tfa
dialign-tx: bb3_release/RV30/BBS30022.tfa
done: bb3_release/RV30/BBS30022.tfa
dialign-tx: bb3_release/RV30/BB30003.tfa
done: bb3_release/RV30/BB30003.tfa
dialign-tx: bb3_release/RV30/BBS30011.tfa
done: bb3_release/RV40/BB40049.tfa
dialign-tx: bb3_release/RV30/BBS30003.tfa
done: bb3_release/RV30/BBS30003.tfa
dialign-tx: bb3_release/RV30/BBS30006.tfa
done: bb3_release/RV30/BBS30006.tfa
dialign-tx: bb3_release/RV30/BBS30007.tfa
done: bb3_release/RV30/BBS30007.tfa
dialign-tx: bb3_release/RV30/BBS30021.tfa
done: bb3_release/RV30/BBS30021.tfa
dialign-tx: bb3_release/RV30/BB30027.tfa
done: bb3_release/RV30/BB30027.tfa
dialign-tx: bb3_release/RV30/BB30030.tfa
done: bb3_release/RV40/BB40002.tfa
dialign-tx: bb3_release/RV30/BBS30009.tfa
done: bb3_release/RV30/BBS30009.tfa
dialign-tx: bb3_release/RV30/BBS30004.tfa
done: bb3_release/RV30/BB30011.tfa
dialign-tx: bb3_release/RV30/BB30024.tfa
done: bb3_release/RV30/BBS30011.tfa
dialign-tx: bb3_release/RV30/BB30007.tfa
done: bb3_release/RV30/BB30007.tfa
dialign-tx: bb3_release/RV30/BBS30013.tfa
done: bb3_release/RV30/BBS30004.tfa
dialign-tx: bb3_release/RV30/BB30019.tfa
done: bb3_release/RV30/BB30030.tfa
dialign-tx: bb3_release/RV30/BB30020.tfa
done: bb3_release/RV30/BB30019.tfa
dialign-tx: bb3_release/RV30/BBS30020.tfa
done: bb3_release/RV30/BBS30028.tfa
dialign-tx: bb3_release/RV30/BB30010.tfa
done: bb3_release/RV30/BB30024.tfa
dialign-tx: bb3_release/RV30/BB30015.tfa
done: bb3_release/RV30/BB30020.tfa
dialign-tx: bb3_release/RV30/BBS30025.tfa
done: bb3_release/RV30/BB30015.tfa
dialign-tx: bb3_release/RV30/BBS30010.tfa
done: bb3_release/RV30/BBS30020.tfa
dialign-tx: bb3_release/RV30/BBS30001.tfa
done: bb3_release/RV30/BBS30001.tfa
dialign-tx: bb3_release/RV30/BB30012.tfa
done: bb3_release/RV30/BBS30013.tfa
dialign-tx: bb3_release/RV30/BBS30030.tfa
done: bb3_release/RV30/BBS30010.tfa
dialign-tx: bb3_release/RV30/BB30004.tfa
done: bb3_release/RV30/BBS30025.tfa
dialign-tx: bb3_release/RV30/BB30028.tfa
done: bb3_release/RV30/BB30010.tfa
dialign-tx: bb3_release/RV30/BBS30026.tfa
done: bb3_release/RV30/BB30012.tfa
dialign-tx: bb3_release/RV30/BB30005.tfa
done: bb3_release/RV30/BB30005.tfa
dialign-tx: bb3_release/RV30/BB30025.tfa
done: bb3_release/RV30/BBS30030.tfa
dialign-tx: bb3_release/RV30/BBS30023.tfa
done: bb3_release/RV30/BB30029.tfa
dialign-tx: bb3_release/RV30/BBS30015.tfa
done: bb3_release/RV30/BBS30015.tfa
dialign-tx: bb3_release/RV30/BBS30017.tfa
done: bb3_release/RV30/BBS30017.tfa
dialign-tx: bb3_release/RV30/BB30022.tfa
done: bb3_release/RV30/BB30022.tfa
dialign-tx: bb3_release/RV30/BBS30018.tfa
done: bb3_release/RV30/BB30004.tfa
dialign-tx: bb3_release/RV30/BBS30012.tfa
done: bb3_release/RV30/BB30025.tfa
dialign-tx: bb3_release/RV30/BBS30016.tfa
done: bb3_release/RV30/BBS30016.tfa
dialign-tx: bb3_release/RV30/BB30013.tfa
done: bb3_release/RV30/BBS30023.tfa
dialign-tx: bb3_release/RV30/BBS30027.tfa
done: bb3_release/RV30/BBS30026.tfa
dialign-tx: bb3_release/RV30/BB30018.tfa
done: bb3_release/RV30/BBS30027.tfa
dialign-tx: bb3_release/RV30/BBS30024.tfa
done: bb3_release/RV30/BBS30012.tfa
dialign-tx: bb3_release/RV30/BB30017.tfa
done: bb3_release/RV30/BB30017.tfa
dialign-tx: bb3_release/RV30/BB30001.tfa
done: bb3_release/RV30/BB30001.tfa
dialign-tx: bb3_release/RV30/BBS30005.tfa
done: bb3_release/RV30/BBS30005.tfa
dialign-tx: bb3_release/RV30/BBS30002.tfa
done: bb3_release/RV30/BBS30002.tfa
dialign-tx: bb3_release/RV30/BB30008.tfa
done: bb3_release/RV30/BBS30018.tfa
dialign-tx: bb3_release/RV30/BB30026.tfa
done: bb3_release/RV30/BBS30024.tfa
dialign-tx: bb3_release/RV30/BB30002.tfa
done: bb3_release/RV30/BB30008.tfa
dialign-tx: bb3_release/RV30/BB30021.tfa
done: bb3_release/RV30/BB30021.tfa
dialign-tx: bb3_release/RV30/BB30009.tfa
done: bb3_release/RV30/BB30028.tfa
dialign-tx: bb3_release/RV30/BB30016.tfa
done: bb3_release/RV30/BB30009.tfa
dialign-tx: bb3_release/RV30/BB30014.tfa
done: bb3_release/RV30/BB30002.tfa
dialign-tx: bb3_release/RV30/BBS30019.tfa
done: bb3_release/RV30/BB30016.tfa
dialign-tx: bb3_release/RV30/BBS30029.tfa
done: bb3_release/RV30/BB30014.tfa
dialign-tx: bb3_release/RV30/BBS30008.tfa
done: bb3_release/RV30/BBS30019.tfa
dialign-tx: bb3_release/RV30/BB30023.tfa
done: bb3_release/RV30/BBS30008.tfa
dialign-tx: bb3_release/RV20/BB20019.tfa
done: bb3_release/RV20/BB20019.tfa
dialign-tx: bb3_release/RV20/BB20030.tfa
done: bb3_release/RV20/BB20030.tfa
dialign-tx: bb3_release/RV20/BBS20014.tfa
done: bb3_release/RV20/BBS20014.tfa
dialign-tx: bb3_release/RV20/BBS20017.tfa
done: bb3_release/RV30/BB30018.tfa
dialign-tx: bb3_release/RV20/BBS20022.tfa
done: bb3_release/RV30/BB30026.tfa
dialign-tx: bb3_release/RV20/BB20016.tfa
done: bb3_release/RV30/BB30013.tfa
dialign-tx: bb3_release/RV20/BBS20015.tfa
done: bb3_release/RV20/BB20016.tfa
dialign-tx: bb3_release/RV20/BBS20034.tfa
done: bb3_release/RV20/BBS20015.tfa
dialign-tx: bb3_release/RV20/BBS20021.tfa
done: bb3_release/RV30/BB30023.tfa
dialign-tx: bb3_release/RV20/BBS20026.tfa
done: bb3_release/RV20/BBS20022.tfa
dialign-tx: bb3_release/RV20/BB20015.tfa
done: bb3_release/RV20/BBS20026.tfa
dialign-tx: bb3_release/RV20/BBS20013.tfa
done: bb3_release/RV20/BBS20017.tfa
dialign-tx: bb3_release/RV20/BBS20031.tfa
done: bb3_release/RV20/BBS20013.tfa
dialign-tx: bb3_release/RV20/BBS20033.tfa
done: bb3_release/RV20/BBS20033.tfa
dialign-tx: bb3_release/RV20/BBS20040.tfa
done: bb3_release/RV20/BB20015.tfa
dialign-tx: bb3_release/RV20/BBS20012.tfa
done: bb3_release/RV20/BBS20034.tfa
dialign-tx: bb3_release/RV20/BB20023.tfa
done: bb3_release/RV20/BBS20012.tfa
dialign-tx: bb3_release/RV20/BBS20020.tfa
done: bb3_release/RV20/BBS20020.tfa
dialign-tx: bb3_release/RV20/BB20020.tfa
done: bb3_release/RV20/BB20023.tfa
dialign-tx: bb3_release/RV20/BB20031.tfa
done: bb3_release/RV20/BB20020.tfa
dialign-tx: bb3_release/RV20/BB20028.tfa
done: bb3_release/RV20/BBS20021.tfa
dialign-tx: bb3_release/RV20/BB20027.tfa
done: bb3_release/RV20/BB20027.tfa
dialign-tx: bb3_release/RV20/BB20004.tfa
done: bb3_release/RV30/BBS30029.tfa
dialign-tx: bb3_release/RV20/BBS20023.tfa
done: bb3_release/RV20/BBS20031.tfa
dialign-tx: bb3_release/RV20/BB20005.tfa
done: bb3_release/RV20/BBS20023.tfa
dialign-tx: bb3_release/RV20/BB20038.tfa
done: bb3_release/RV20/BB20038.tfa
dialign-tx: bb3_release/RV20/BB20014.tfa
done: bb3_release/RV20/BB20014.tfa
dialign-tx: bb3_release/RV20/BBS20032.tfa
done: bb3_release/RV20/BBS20032.tfa
dialign-tx: bb3_release/RV20/BB20001.tfa
done: bb3_release/RV20/BB20001.tfa
dialign-tx: bb3_release/RV20/BB20009.tfa
done: bb3_release/RV20/BB20031.tfa
dialign-tx: bb3_release/RV20/BBS20005.tfa
done: bb3_release/RV20/BB20009.tfa
dialign-tx: bb3_release/RV20/BBS20019.tfa
done: bb3_release/RV20/BB20028.tfa
dialign-tx: bb3_release/RV20/BBS20041.tfa
done: bb3_release/RV20/BBS20019.tfa
dialign-tx: bb3_release/RV20/BBS20016.tfa
done: bb3_release/RV20/BB20005.tfa
dialign-tx: bb3_release/RV20/BB20040.tfa
done: bb3_release/RV20/BBS20016.tfa
dialign-tx: bb3_release/RV20/BBS20036.tfa
done: bb3_release/RV20/BBS20005.tfa
dialign-tx: bb3_release/RV20/BBS20003.tfa
done: bb3_release/RV20/BBS20041.tfa
dialign-tx: bb3_release/RV20/BBS20035.tfa
done: bb3_release/RV20/BB20004.tfa
dialign-tx: bb3_release/RV20/BBS20008.tfa
done: bb3_release/RV20/BBS20040.tfa
dialign-tx: bb3_release/RV20/BBS20028.tfa
done: bb3_release/RV20/BBS20035.tfa
dialign-tx: bb3_release/RV20/BB20039.tfa
done: bb3_release/RV20/BBS20008.tfa
dialign-tx: bb3_release/RV20/BBS20004.tfa
done: bb3_release/RV20/BBS20036.tfa
dialign-tx: bb3_release/RV20/BB20024.tfa
done: bb3_release/RV20/BBS20028.tfa
dialign-tx: bb3_release/RV20/BBS20027.tfa
done: bb3_release/RV20/BB20024.tfa
dialign-tx: bb3_release/RV20/BB20011.tfa
done: bb3_release/RV20/BB20011.tfa
dialign-tx: bb3_release/RV20/BB20008.tfa
done: bb3_release/RV20/BBS20027.tfa
dialign-tx: bb3_release/RV20/BBS20009.tfa
done: bb3_release/RV20/BBS20009.tfa
dialign-tx: bb3_release/RV20/BBS20029.tfa
done: bb3_release/RV20/BBS20004.tfa
dialign-tx: bb3_release/RV20/BB20041.tfa
done: bb3_release/RV20/BBS20029.tfa
dialign-tx: bb3_release/RV20/BB20029.tfa
done: bb3_release/RV20/BB20029.tfa
dialign-tx: bb3_release/RV20/BB20017.tfa
done: bb3_release/RV20/BBS20003.tfa
dialign-tx: bb3_release/RV20/BB20033.tfa
done: bb3_release/RV20/BB20033.tfa
dialign-tx: bb3_release/RV20/BB20034.tfa
done: bb3_release/RV20/BB20008.tfa
dialign-tx: bb3_release/RV20/BB20032.tfa
done: bb3_release/RV20/BB20032.tfa
dialign-tx: bb3_release/RV20/BBS20006.tfa
done: bb3_release/RV20/BB20034.tfa
dialign-tx: bb3_release/RV20/BBS20038.tfa
done: bb3_release/RV20/BBS20038.tfa
dialign-tx: bb3_release/RV20/BB20002.tfa
done: bb3_release/RV20/BB20002.tfa
dialign-tx: bb3_release/RV20/BB20025.tfa
done: bb3_release/RV20/BB20040.tfa
dialign-tx: bb3_release/RV20/BBS20037.tfa
done: bb3_release/RV20/BB20017.tfa
dialign-tx: bb3_release/RV20/BB20012.tfa
done: bb3_release/RV20/BB20041.tfa
dialign-tx: bb3_release/RV20/BBS20001.tfa
done: bb3_release/RV20/BBS20001.tfa
dialign-tx: bb3_release/RV20/BBS20011.tfa
done: bb3_release/RV20/BB20012.tfa
dialign-tx: bb3_release/RV20/BBS20018.tfa
done: bb3_release/RV20/BBS20006.tfa
dialign-tx: bb3_release/RV20/BB20018.tfa
done: bb3_release/RV20/BBS20011.tfa
dialign-tx: bb3_release/RV20/BB20006.tfa
done: bb3_release/RV20/BB20006.tfa
dialign-tx: bb3_release/RV20/BBS20025.tfa
done: bb3_release/RV20/BB20039.tfa
dialign-tx: bb3_release/RV20/BBS20007.tfa
done: bb3_release/RV20/BBS20018.tfa
dialign-tx: bb3_release/RV20/BB20035.tfa
done: bb3_release/RV20/BB20018.tfa
dialign-tx: bb3_release/RV20/BB20021.tfa
done: bb3_release/RV20/BBS20037.tfa
dialign-tx: bb3_release/RV20/BBS20024.tfa
done: bb3_release/RV20/BBS20007.tfa
dialign-tx: bb3_release/RV20/BBS20002.tfa
done: bb3_release/RV20/BBS20002.tfa
dialign-tx: bb3_release/RV20/BB20003.tfa
done: bb3_release/RV20/BBS20024.tfa
dialign-tx: bb3_release/RV20/BB20036.tfa
done: bb3_release/RV20/BB20035.tfa
dialign-tx: bb3_release/RV20/BB20007.tfa
done: bb3_release/RV20/BB20025.tfa
dialign-tx: bb3_release/RV20/BB20010.tfa
done: bb3_release/RV20/BB20007.tfa
dialign-tx: bb3_release/RV20/BB20013.tfa
done: bb3_release/RV20/BBS20025.tfa
dialign-tx: bb3_release/RV20/BB20022.tfa
done: bb3_release/RV20/BB20013.tfa
dialign-tx: bb3_release/RV20/BBS20039.tfa
done: bb3_release/RV20/BB20010.tfa
dialign-tx: bb3_release/RV20/BB20037.tfa
done: bb3_release/RV20/BB20021.tfa
dialign-tx: bb3_release/RV20/BBS20030.tfa
done: bb3_release/RV20/BB20036.tfa
dialign-tx: bb3_release/RV20/BBS20010.tfa
done: bb3_release/RV20/BB20003.tfa
dialign-tx: bb3_release/RV20/BB20026.tfa
done: bb3_release/RV20/BBS20030.tfa
dialign-tx: bb3_release/RV11/BBS11033.tfa
done: bb3_release/RV11/BBS11033.tfa
dialign-tx: bb3_release/RV11/BB11022.tfa
done: bb3_release/RV11/BB11022.tfa
dialign-tx: bb3_release/RV11/BBS11022.tfa
done: bb3_release/RV11/BBS11022.tfa
dialign-tx: bb3_release/RV11/BBS11019.tfa
done: bb3_release/RV11/BBS11019.tfa
dialign-tx: bb3_release/RV11/BBS11025.tfa
done: bb3_release/RV20/BBS20010.tfa
dialign-tx: bb3_release/RV11/BBS11012.tfa
done: bb3_release/RV11/BBS11025.tfa
dialign-tx: bb3_release/RV11/BB11013.tfa
done: bb3_release/RV11/BB11013.tfa
dialign-tx: bb3_release/RV11/BB11024.tfa
done: bb3_release/RV11/BBS11012.tfa
dialign-tx: bb3_release/RV11/BBS11004.tfa
done: bb3_release/RV11/BB11024.tfa
dialign-tx: bb3_release/RV11/BB11030.tfa
done: bb3_release/RV11/BBS11004.tfa
dialign-tx: bb3_release/RV11/BB11011.tfa
done: bb3_release/RV11/BB11011.tfa
dialign-tx: bb3_release/RV11/BBS11038.tfa
done: bb3_release/RV11/BBS11038.tfa
dialign-tx: bb3_release/RV11/BBS11005.tfa
done: bb3_release/RV20/BB20022.tfa
dialign-tx: bb3_release/RV11/BB11027.tfa
done: bb3_release/RV11/BB11030.tfa
dialign-tx: bb3_release/RV11/BBS11009.tfa
done: bb3_release/RV11/BBS11009.tfa
dialign-tx: bb3_release/RV11/BBS11027.tfa
done: bb3_release/RV11/BB11027.tfa
dialign-tx: bb3_release/RV11/BBS11006.tfa
done: bb3_release/RV11/BBS11027.tfa
dialign-tx: bb3_release/RV11/BB11023.tfa
done: bb3_release/RV11/BBS11006.tfa
dialign-tx: bb3_release/RV11/BB11035.tfa
done: bb3_release/RV11/BB11023.tfa
dialign-tx: bb3_release/RV11/BBS11029.tfa
done: bb3_release/RV11/BBS11005.tfa
dialign-tx: bb3_release/RV11/BBS11018.tfa
done: bb3_release/RV11/BBS11029.tfa
dialign-tx: bb3_release/RV11/BBS11032.tfa
done: bb3_release/RV11/BB11035.tfa
dialign-tx: bb3_release/RV11/BB11026.tfa
done: bb3_release/RV11/BBS11032.tfa
dialign-tx: bb3_release/RV11/BBS11003.tfa
done: bb3_release/RV11/BB11026.tfa
dialign-tx: bb3_release/RV11/BB11004.tfa
done: bb3_release/RV11/BBS11003.tfa
dialign-tx: bb3_release/RV11/BB11021.tfa
done: bb3_release/RV11/BB11021.tfa
done: bb3_release/RV11/BB11004.tfa
dialign-tx: bb3_release/RV11/BBS11017.tfa
dialign-tx: bb3_release/RV11/BBS11008.tfa
done: bb3_release/RV11/BBS11017.tfa
dialign-tx: bb3_release/RV11/BBS11002.tfa
done: bb3_release/RV11/BBS11008.tfa
dialign-tx: bb3_release/RV11/BBS11026.tfa
done: bb3_release/RV11/BBS11002.tfa
dialign-tx: bb3_release/RV11/BBS11035.tfa
done: bb3_release/RV11/BBS11026.tfa
dialign-tx: bb3_release/RV11/BB11036.tfa
done: bb3_release/RV11/BBS11035.tfa
dialign-tx: bb3_release/RV11/BB11018.tfa
done: bb3_release/RV11/BB11036.tfa
dialign-tx: bb3_release/RV11/BBS11010.tfa
done: bb3_release/RV11/BBS11018.tfa
dialign-tx: bb3_release/RV11/BB11009.tfa
done: bb3_release/RV11/BBS11010.tfa
dialign-tx: bb3_release/RV11/BBS11016.tfa
done: bb3_release/RV11/BB11009.tfa
dialign-tx: bb3_release/RV11/BBS11007.tfa
done: bb3_release/RV11/BBS11016.tfa
dialign-tx: bb3_release/RV11/BBS11001.tfa
done: bb3_release/RV11/BBS11001.tfa
dialign-tx: bb3_release/RV11/BB11005.tfa
done: bb3_release/RV11/BBS11007.tfa
dialign-tx: bb3_release/RV11/BBS11015.tfa
done: bb3_release/RV11/BBS11015.tfa
dialign-tx: bb3_release/RV11/BB11028.tfa
done: bb3_release/RV11/BB11018.tfa
dialign-tx: bb3_release/RV11/BBS11036.tfa
done: bb3_release/RV11/BB11028.tfa
dialign-tx: bb3_release/RV11/BB11033.tfa
done: bb3_release/RV11/BBS11036.tfa
dialign-tx: bb3_release/RV11/BB11002.tfa
done: bb3_release/RV11/BB11005.tfa
dialign-tx: bb3_release/RV11/BB11025.tfa
done: bb3_release/RV11/BB11025.tfa
dialign-tx: bb3_release/RV11/BBS11014.tfa
done: bb3_release/RV11/BB11002.tfa
dialign-tx: bb3_release/RV11/BBS11020.tfa
done: bb3_release/RV11/BB11033.tfa
dialign-tx: bb3_release/RV11/BBS11013.tfa
done: bb3_release/RV11/BBS11014.tfa
dialign-tx: bb3_release/RV11/BBS11023.tfa
done: bb3_release/RV11/BBS11013.tfa
dialign-tx: bb3_release/RV11/BB11034.tfa
done: bb3_release/RV11/BBS11020.tfa
dialign-tx: bb3_release/RV11/BB11003.tfa
done: bb3_release/RV11/BBS11023.tfa
dialign-tx: bb3_release/RV11/BB11012.tfa
done: bb3_release/RV11/BB11003.tfa
dialign-tx: bb3_release/RV11/BBS11028.tfa
done: bb3_release/RV20/BB20026.tfa
dialign-tx: bb3_release/RV11/BB11006.tfa
done: bb3_release/RV11/BB11012.tfa
dialign-tx: bb3_release/RV11/BB11019.tfa
done: bb3_release/RV11/BB11034.tfa
dialign-tx: bb3_release/RV11/BBS11034.tfa
done: bb3_release/RV11/BBS11034.tfa
dialign-tx: bb3_release/RV11/BB11001.tfa
done: bb3_release/RV11/BB11006.tfa
dialign-tx: bb3_release/RV11/BBS11024.tfa
done: bb3_release/RV11/BBS11028.tfa
dialign-tx: bb3_release/RV11/BB11008.tfa
done: bb3_release/RV11/BB11008.tfa
dialign-tx: bb3_release/RV11/BB11017.tfa
done: bb3_release/RV11/BB11001.tfa
dialign-tx: bb3_release/RV11/BB11037.tfa
done: bb3_release/RV11/BBS11024.tfa
dialign-tx: bb3_release/RV11/BB11015.tfa
done: bb3_release/RV11/BB11019.tfa
dialign-tx: bb3_release/RV11/BB11014.tfa
done: bb3_release/RV11/BB11017.tfa
dialign-tx: bb3_release/RV11/BBS11030.tfa
done: bb3_release/RV11/BB11015.tfa
dialign-tx: bb3_release/RV11/BB11031.tfa
done: bb3_release/RV11/BB11037.tfa
dialign-tx: bb3_release/RV11/BBS11037.tfa
done: bb3_release/RV11/BB11014.tfa
dialign-tx: bb3_release/RV11/BB11016.tfa
done: bb3_release/RV11/BBS11037.tfa
dialign-tx: bb3_release/RV11/BB11029.tfa
done: bb3_release/RV11/BB11029.tfa
dialign-tx: bb3_release/RV11/BB11010.tfa
done: bb3_release/RV11/BBS11030.tfa
dialign-tx: bb3_release/RV11/BB11038.tfa
done: bb3_release/RV11/BB11016.tfa
dialign-tx: bb3_release/RV11/BB11007.tfa
done: bb3_release/RV11/BB11010.tfa
dialign-tx: bb3_release/RV11/BBS11031.tfa
done: bb3_release/RV11/BB11031.tfa
dialign-tx: bb3_release/RV11/BBS11021.tfa
done: bb3_release/RV11/BBS11021.tfa
dialign-tx: bb3_release/RV11/BB11032.tfa
done: bb3_release/RV11/BB11038.tfa
dialign-tx: bb3_release/RV11/BB11020.tfa
done: bb3_release/RV11/BB11007.tfa
dialign-tx: bb3_release/RV11/BBS11011.tfa
done: bb3_release/RV11/BBS11011.tfa
done: bb3_release/RV11/BB11032.tfa
done: bb3_release/RV11/BB11020.tfa
done: bb3_release/RV11/BBS11031.tfa
done: bb3_release/RV20/BB20037.tfa
done: bb3_release/RV20/BBS20039.tfa
3900.31user 6.27system 11:19.23elapsed 575%CPU (0avgtext+0avgdata 40504maxresident)k
0inputs+121320outputs (0major+3548619minor)pagefaults 0swaps
